20/12/24 00:49:43 770 [INFO,<module>:534] sharing_strategy: file_system
20/12/24 00:49:45 798 [INFO,main:508] start from: ./ZeroNets/from-zero-2a/PV_NET-11-2247733-640.pkl
20/12/24 00:49:45 798 [INFO,train:408] BETA: 0.20, VALUE_RENORMAL: 10, BENCHMARK_SAMPLE: -1
20/12/24 00:49:45 798 [INFO,train:410] loss2_weight: 0.03, data_rounds: 3x12, train_sample: -2, pv_deep: 0, review_number: 3, age_in_epoch: 3
20/12/24 00:49:45 799 [INFO,train:415] optimizer: {'lr': 0.0001, 'betas': (0.9, 0.999), 'eps': 1e-07, 'weight_decay': 0.0001, 'amsgrad': False}
20/12/24 00:49:45 799 [INFO,train:422] #epoch: loss1 loss2 grad1/grad2 amp_probe #train_datas
20/12/24 00:49:46 410 [INFO,benchmark:291] start benchmark against MrGreed for 512x2
20/12/24 00:50:57 568 [INFO,train:484] 0: 0.38 43.08 0.0080 0.0222 30724
20/12/24 00:50:57 615 [INFO,train:499]         epoch 0 age 0: 0.38 43.08
20/12/24 00:50:57 656 [INFO,train:499]         epoch 0 age 1: 0.35 43.11
20/12/24 00:50:57 696 [INFO,train:499]         epoch 0 age 2: 0.34 42.95
20/12/24 00:51:24 573 [INFO,train:484] 1: 0.33 44.52 0.0014 0.0222 30823
20/12/24 00:51:24 620 [INFO,train:499]         epoch 1 age 0: 0.33 44.52
20/12/24 00:51:24 666 [INFO,train:499]         epoch 1 age 1: 0.33 43.85
20/12/24 00:51:24 710 [INFO,train:499]         epoch 1 age 2: 0.33 44.10
20/12/24 00:51:52 026 [INFO,train:484] 2: 0.33 42.99 0.0010 0.0222 31017
20/12/24 00:51:52 074 [INFO,train:499]         epoch 2 age 0: 0.33 42.99
20/12/24 00:51:52 121 [INFO,train:499]         epoch 2 age 1: 0.33 42.22
20/12/24 00:51:52 167 [INFO,train:499]         epoch 2 age 2: 0.32 42.42
20/12/24 00:52:19 763 [INFO,train:484] 3: 0.31 42.22 0.0015 0.0222 30990
20/12/24 00:52:19 810 [INFO,train:499]         epoch 3 age 0: 0.31 42.22
20/12/24 00:52:19 855 [INFO,train:499]         epoch 3 age 1: 0.31 41.39
20/12/24 00:52:19 895 [INFO,train:499]         epoch 3 age 2: 0.30 41.23
20/12/24 00:52:47 935 [INFO,train:484] 4: 0.33 39.82 0.0010 0.0222 30760
20/12/24 00:52:47 982 [INFO,train:499]         epoch 4 age 0: 0.33 39.82
20/12/24 00:52:48 029 [INFO,train:499]         epoch 4 age 1: 0.33 39.10
20/12/24 00:52:48 075 [INFO,train:499]         epoch 4 age 2: 0.32 38.64
20/12/24 00:53:15 326 [INFO,train:484] 5: 0.32 38.40 0.0023 0.0222 30659
20/12/24 00:53:15 372 [INFO,train:499]         epoch 5 age 0: 0.32 38.40
20/12/24 00:53:15 416 [INFO,train:499]         epoch 5 age 1: 0.32 38.09
20/12/24 00:53:15 456 [INFO,train:499]         epoch 5 age 2: 0.32 37.48
20/12/24 00:55:33 023 [INFO,train:484] 10: 0.33 40.87 0.0035 0.0222 30699
20/12/24 00:55:33 071 [INFO,train:499]         epoch 10 age 0: 0.33 40.87
20/12/24 00:55:33 117 [INFO,train:499]         epoch 10 age 1: 0.32 40.54
20/12/24 00:55:33 164 [INFO,train:499]         epoch 10 age 2: 0.32 40.21
20/12/24 00:57:50 134 [INFO,train:484] 15: 0.30 41.19 0.0044 0.0222 30540
20/12/24 00:57:50 180 [INFO,train:499]         epoch 15 age 0: 0.30 41.19
20/12/24 00:57:50 222 [INFO,train:499]         epoch 15 age 1: 0.29 40.98
20/12/24 00:57:50 262 [INFO,train:499]         epoch 15 age 2: 0.29 40.74
20/12/24 00:58:39 201 [INFO,benchmark:315] benchmark at epoch 0's result: -113.14 8.14
20/12/24 01:00:06 252 [INFO,train:484] 20: 0.29 38.84 0.0072 0.0222 30339
20/12/24 01:00:06 298 [INFO,train:499]         epoch 20 age 0: 0.29 38.84
20/12/24 01:00:06 344 [INFO,train:499]         epoch 20 age 1: 0.29 38.68
20/12/24 01:00:06 386 [INFO,train:499]         epoch 20 age 2: 0.29 38.49
20/12/24 01:02:22 883 [INFO,train:484] 25: 0.27 40.72 0.0061 0.0222 30900
20/12/24 01:02:22 930 [INFO,train:499]         epoch 25 age 0: 0.27 40.72
20/12/24 01:02:22 973 [INFO,train:499]         epoch 25 age 1: 0.27 40.49
20/12/24 01:02:23 013 [INFO,train:499]         epoch 25 age 2: 0.27 40.23
20/12/24 01:04:35 925 [INFO,train:484] 30: 0.31 44.01 0.0042 0.0222 30724
20/12/24 01:04:35 972 [INFO,train:499]         epoch 30 age 0: 0.31 44.01
20/12/24 01:04:36 019 [INFO,train:499]         epoch 30 age 1: 0.31 43.74
20/12/24 01:04:36 065 [INFO,train:499]         epoch 30 age 2: 0.31 43.50
20/12/24 01:06:49 689 [INFO,train:484] 35: 0.35 48.24 0.0033 0.0222 30374
20/12/24 01:06:49 731 [INFO,train:499]         epoch 35 age 0: 0.35 48.24
20/12/24 01:06:49 772 [INFO,train:499]         epoch 35 age 1: 0.34 47.52
20/12/24 01:06:49 811 [INFO,train:499]         epoch 35 age 2: 0.34 46.85
20/12/24 01:09:02 243 [INFO,train:484] 40: 0.33 41.19 0.0103 0.0222 30732
20/12/24 01:09:02 289 [INFO,train:499]         epoch 40 age 0: 0.33 41.19
20/12/24 01:09:02 331 [INFO,train:499]         epoch 40 age 1: 0.32 41.23
20/12/24 01:09:02 371 [INFO,train:499]         epoch 40 age 2: 0.32 41.13
20/12/24 01:17:59 064 [INFO,train:484] 60: 0.31 44.12 0.0058 0.0222 30840
20/12/24 01:17:59 112 [INFO,train:499]         epoch 60 age 0: 0.31 44.12
20/12/24 01:17:59 158 [INFO,train:499]         epoch 60 age 1: 0.30 43.72
20/12/24 01:17:59 205 [INFO,train:499]         epoch 60 age 2: 0.30 43.29
20/12/24 01:26:28 638 [INFO,benchmark:291] start benchmark against MrGreed for 512x2
20/12/24 01:26:55 579 [INFO,train:484] 80: 0.27 38.18 0.0025 0.0221 30866
20/12/24 01:26:55 627 [INFO,train:499]         epoch 80 age 0: 0.27 38.18
20/12/24 01:26:55 674 [INFO,train:499]         epoch 80 age 1: 0.27 37.95
20/12/24 01:26:55 720 [INFO,train:499]         epoch 80 age 2: 0.27 37.81
20/12/24 01:35:16 777 [INFO,benchmark:315] benchmark at epoch 80's result: -86.88 8.06
20/12/24 01:35:59 964 [INFO,train:484] 100: 0.29 39.26 0.0086 0.0222 31556
20/12/24 01:36:00 011 [INFO,train:499]         epoch 100 age 0: 0.29 39.26
20/12/24 01:36:00 058 [INFO,train:499]         epoch 100 age 1: 0.29 39.01
20/12/24 01:36:00 099 [INFO,train:499]         epoch 100 age 2: 0.29 38.72
20/12/24 01:44:52 970 [INFO,train:484] 120: 0.32 41.11 0.0030 0.0222 30294
20/12/24 01:44:53 017 [INFO,train:499]         epoch 120 age 0: 0.32 41.11
20/12/24 01:44:53 063 [INFO,train:499]         epoch 120 age 1: 0.32 40.54
20/12/24 01:44:53 108 [INFO,train:499]         epoch 120 age 2: 0.31 40.22
20/12/24 01:53:53 019 [INFO,train:484] 140: 0.33 38.52 0.0067 0.0221 30119
20/12/24 01:53:53 064 [INFO,train:499]         epoch 140 age 0: 0.33 38.52
20/12/24 01:53:53 103 [INFO,train:499]         epoch 140 age 1: 0.33 38.33
20/12/24 01:53:53 143 [INFO,train:499]         epoch 140 age 2: 0.32 38.03
20/12/24 02:03:22 034 [INFO,benchmark:291] start benchmark against MrGreed for 512x2
20/12/24 02:03:52 245 [INFO,train:484] 160: 0.33 40.79 0.0103 0.0221 30634
20/12/24 02:03:52 292 [INFO,train:499]         epoch 160 age 0: 0.33 40.79
20/12/24 02:03:52 334 [INFO,train:499]         epoch 160 age 1: 0.33 40.51
20/12/24 02:03:52 374 [INFO,train:499]         epoch 160 age 2: 0.32 40.18
20/12/24 02:12:09 453 [INFO,benchmark:315] benchmark at epoch 160's result: -65.22 8.28
20/12/24 02:14:17 472 [INFO,train:484] 180: 0.31 39.38 0.0096 0.0221 30951
20/12/24 02:14:17 520 [INFO,train:499]         epoch 180 age 0: 0.31 39.38
20/12/24 02:14:17 567 [INFO,train:499]         epoch 180 age 1: 0.30 39.18
20/12/24 02:14:17 613 [INFO,train:499]         epoch 180 age 2: 0.30 38.90
20/12/24 02:24:30 492 [INFO,train:484] 200: 0.31 41.93 0.0064 0.0220 30848
20/12/24 02:24:30 539 [INFO,train:499]         epoch 200 age 0: 0.31 41.93
20/12/24 02:24:30 582 [INFO,train:499]         epoch 200 age 1: 0.31 41.43
20/12/24 02:24:30 623 [INFO,train:499]         epoch 200 age 2: 0.30 40.88
20/12/24 02:34:41 242 [INFO,train:484] 220: 0.32 44.30 0.0047 0.0220 30124
20/12/24 02:34:41 282 [INFO,train:499]         epoch 220 age 0: 0.32 44.30
20/12/24 02:34:41 322 [INFO,train:499]         epoch 220 age 1: 0.32 43.63
20/12/24 02:34:41 362 [INFO,train:499]         epoch 220 age 2: 0.32 43.09
20/12/24 02:44:23 220 [INFO,benchmark:291] start benchmark against MrGreed for 512x2
20/12/24 02:44:54 028 [INFO,train:484] 240: 0.34 42.71 0.0149 0.0220 30635
20/12/24 02:44:54 074 [INFO,train:499]         epoch 240 age 0: 0.34 42.71
20/12/24 02:44:54 121 [INFO,train:499]         epoch 240 age 1: 0.34 42.20
20/12/24 02:44:54 163 [INFO,train:499]         epoch 240 age 2: 0.33 41.59
20/12/24 02:52:56 376 [INFO,benchmark:315] benchmark at epoch 240's result: -99.42 8.09
20/12/24 02:55:15 238 [INFO,train:484] 260: 0.32 39.44 0.0080 0.0220 31572
20/12/24 02:55:15 286 [INFO,train:499]         epoch 260 age 0: 0.32 39.44
20/12/24 02:55:15 328 [INFO,train:499]         epoch 260 age 1: 0.32 38.90
20/12/24 02:55:15 370 [INFO,train:499]         epoch 260 age 2: 0.31 38.25
20/12/24 02:58:02 183 [ERR,main:512] :
Traceback (most recent call last):
  File "./MrZeroTree.py", line 454, in train
    queue_get=data_queue.get(block=True,timeout=data_timeout*3+30)
  File "/usr/lib/python3.6/multiprocessing/queues.py", line 105, in get
    raise Empty
queue.Empty

During handling of the above exception, another exception occurred:

Traceback (most recent call last):
  File "./MrZeroTree.py", line 510, in main
    train(pv_net)
  File "./MrZeroTree.py", line 457, in train
    log("get data failed AGAIN at epoch %d! Has got %d datas."%(e,epoch,len(train_datas)),l=2)
TypeError: %d format: a number is required, not Empty

