20/12/15 17:53:46 757 [INFO,<module>:521] sharing_strategy: file_system
20/12/15 17:53:48 815 [INFO,main:495] start from: ./ZeroNets/from-one-7a/PV_NET-11-2247733-600.pkl
20/12/15 17:53:48 816 [INFO,train:396] optimizer: {'lr': 0.001, 'betas': (0.9, 0.999), 'eps': 1e-07, 'weight_decay': 0.0001, 'amsgrad': False}
20/12/15 17:53:48 816 [INFO,train:400] LOSS2_WEIGHT: 0.0300, BETA: 0.20, VALUE_RENORMAL: 10, BENCHMARK_METHOD: -1, TRAIN_SAMPLE: -1, REVIEW_NUMBER: 3, DATA_ROUNDS: 3x8
20/12/15 17:53:49 423 [INFO,benchmark:274] start benchmark against MrGreed for 512x2
20/12/15 17:54:34 942 [INFO,train:453] #epoch: loss1 loss2 grad1/grad2 amp_probe #train_datas
20/12/15 17:54:35 091 [INFO,train:470] 0: 0.27 32.63 0.0050 0.0794 17772
20/12/15 17:54:35 119 [INFO,train:486]         epoch 0 age 0: 0.27 32.63
20/12/15 17:54:35 146 [INFO,train:486]         epoch 0 age 1: 0.24 30.30
20/12/15 17:54:35 170 [INFO,train:486]         epoch 0 age 2: 0.22 26.22
20/12/15 17:54:50 777 [INFO,train:470] 1: 0.24 26.99 0.0043 0.0789 17816
20/12/15 17:54:50 806 [INFO,train:486]         epoch 1 age 0: 0.24 26.99
20/12/15 17:54:50 834 [INFO,train:486]         epoch 1 age 1: 0.22 25.41
20/12/15 17:54:50 862 [INFO,train:486]         epoch 1 age 2: 0.21 23.33
20/12/15 17:55:06 463 [INFO,train:470] 2: 0.22 29.15 0.0020 0.0781 17790
20/12/15 17:55:06 492 [INFO,train:486]         epoch 2 age 0: 0.22 29.15
20/12/15 17:55:06 520 [INFO,train:486]         epoch 2 age 1: 0.21 27.16
20/12/15 17:55:06 549 [INFO,train:486]         epoch 2 age 2: 0.20 24.98
20/12/15 17:55:22 233 [INFO,train:470] 3: 0.23 31.34 0.0036 0.0774 17824
20/12/15 17:55:22 261 [INFO,train:486]         epoch 3 age 0: 0.23 31.34
20/12/15 17:55:22 290 [INFO,train:486]         epoch 3 age 1: 0.22 30.10
20/12/15 17:55:22 319 [INFO,train:486]         epoch 3 age 2: 0.21 28.40
20/12/15 17:55:38 018 [INFO,train:470] 4: 0.24 31.00 0.0079 0.0768 17771
20/12/15 17:55:38 046 [INFO,train:486]         epoch 4 age 0: 0.24 31.00
20/12/15 17:55:38 075 [INFO,train:486]         epoch 4 age 1: 0.23 29.64
20/12/15 17:55:38 103 [INFO,train:486]         epoch 4 age 2: 0.22 27.92
20/12/15 17:55:53 725 [INFO,train:470] 5: 0.24 32.62 0.0071 0.0763 17600
20/12/15 17:55:53 753 [INFO,train:486]         epoch 5 age 0: 0.24 32.62
20/12/15 17:55:53 778 [INFO,train:486]         epoch 5 age 1: 0.23 31.38
20/12/15 17:55:53 802 [INFO,train:486]         epoch 5 age 2: 0.22 29.84
20/12/15 17:57:11 865 [INFO,train:470] 10: 0.26 33.96 0.0038 0.0739 17682
20/12/15 17:57:11 894 [INFO,train:486]         epoch 10 age 0: 0.26 33.96
20/12/15 17:57:11 922 [INFO,train:486]         epoch 10 age 1: 0.25 32.30
20/12/15 17:57:11 950 [INFO,train:486]         epoch 10 age 2: 0.24 30.15
20/12/15 17:58:29 995 [INFO,train:470] 15: 0.28 32.64 0.0067 0.0728 17659
20/12/15 17:58:30 023 [INFO,train:486]         epoch 15 age 0: 0.28 32.64
20/12/15 17:58:30 052 [INFO,train:486]         epoch 15 age 1: 0.26 30.18
20/12/15 17:58:30 080 [INFO,train:486]         epoch 15 age 2: 0.25 27.79
20/12/15 17:59:48 219 [INFO,train:470] 20: 0.27 30.61 0.0071 0.0730 17721
20/12/15 17:59:48 248 [INFO,train:486]         epoch 20 age 0: 0.27 30.61
20/12/15 17:59:48 277 [INFO,train:486]         epoch 20 age 1: 0.26 28.72
20/12/15 17:59:48 305 [INFO,train:486]         epoch 20 age 2: 0.25 26.51
20/12/15 18:01:06 389 [INFO,train:470] 25: 0.27 34.06 0.0067 0.0733 17595
20/12/15 18:01:06 418 [INFO,train:486]         epoch 25 age 0: 0.27 34.06
20/12/15 18:01:06 446 [INFO,train:486]         epoch 25 age 1: 0.26 31.72
20/12/15 18:01:06 471 [INFO,train:486]         epoch 25 age 2: 0.25 29.35
20/12/15 18:01:37 393 [INFO,benchmark:300] benchmark at epoch 0's result: -57.33 7.99
20/12/15 18:02:24 598 [INFO,train:470] 30: 0.30 35.14 0.0075 0.0742 17692
20/12/15 18:02:24 626 [INFO,train:486]         epoch 30 age 0: 0.30 35.14
20/12/15 18:02:24 655 [INFO,train:486]         epoch 30 age 1: 0.28 33.36
20/12/15 18:02:24 682 [INFO,train:486]         epoch 30 age 2: 0.27 31.51
20/12/15 18:03:42 825 [INFO,train:470] 35: 0.30 32.73 0.0138 0.0750 17720
20/12/15 18:03:42 854 [INFO,train:486]         epoch 35 age 0: 0.30 32.73
20/12/15 18:03:42 882 [INFO,train:486]         epoch 35 age 1: 0.28 31.21
20/12/15 18:03:42 907 [INFO,train:486]         epoch 35 age 2: 0.26 29.59
20/12/15 18:05:01 262 [INFO,train:470] 40: 0.28 33.34 0.0066 0.0756 17655
20/12/15 18:05:01 291 [INFO,train:486]         epoch 40 age 0: 0.28 33.34
20/12/15 18:05:01 319 [INFO,train:486]         epoch 40 age 1: 0.27 31.61
20/12/15 18:05:01 347 [INFO,train:486]         epoch 40 age 2: 0.25 29.79
20/12/15 18:10:14 044 [INFO,train:470] 60: 0.26 31.57 0.0067 0.0780 17642
20/12/15 18:10:14 072 [INFO,train:486]         epoch 60 age 0: 0.26 31.57
20/12/15 18:10:14 100 [INFO,train:486]         epoch 60 age 1: 0.24 29.71
20/12/15 18:10:14 128 [INFO,train:486]         epoch 60 age 2: 0.23 27.95
20/12/15 18:15:26 885 [INFO,train:470] 80: 0.26 34.79 0.0047 0.0810 17682
20/12/15 18:15:26 913 [INFO,train:486]         epoch 80 age 0: 0.26 34.79
20/12/15 18:15:26 942 [INFO,train:486]         epoch 80 age 1: 0.25 32.56
20/12/15 18:15:26 970 [INFO,train:486]         epoch 80 age 2: 0.24 30.33
20/12/15 18:20:24 442 [INFO,benchmark:274] start benchmark against MrGreed for 512x2
20/12/15 18:20:39 557 [INFO,train:470] 100: 0.26 31.13 0.0100 0.0823 17645
20/12/15 18:20:39 585 [INFO,train:486]         epoch 100 age 0: 0.26 31.13
20/12/15 18:20:39 614 [INFO,train:486]         epoch 100 age 1: 0.25 29.81
20/12/15 18:20:39 642 [INFO,train:486]         epoch 100 age 2: 0.24 28.44
20/12/15 18:25:51 943 [INFO,train:470] 120: 0.25 32.90 0.0052 0.0839 17546
20/12/15 18:25:51 972 [INFO,train:486]         epoch 120 age 0: 0.25 32.90
20/12/15 18:25:51 000 [INFO,train:486]         epoch 120 age 1: 0.25 30.71
20/12/15 18:25:52 029 [INFO,train:486]         epoch 120 age 2: 0.24 29.31
20/12/15 18:28:10 898 [INFO,benchmark:300] benchmark at epoch 100's result: -56.88 8.23
20/12/15 18:32:17 781 [ERR,train:437] get data failed at epoch 137, has got 15754 datas:
Traceback (most recent call last):
  File "./MrZeroTree.py", line 434, in train
    queue_get=data_queue.get(block=True,timeout=data_timeout*3+30)
  File "/usr/lib/python3.6/multiprocessing/queues.py", line 105, in get
    raise Empty
queue.Empty

20/12/15 18:34:17 883 [INFO,train:439] enough rest
20/12/15 18:35:04 844 [INFO,train:470] 140: 0.26 34.04 0.0034 0.0850 17204
20/12/15 18:35:04 872 [INFO,train:486]         epoch 140 age 0: 0.26 34.04
20/12/15 18:35:04 899 [INFO,train:486]         epoch 140 age 1: 0.24 31.63
20/12/15 18:35:04 925 [INFO,train:486]         epoch 140 age 2: 0.23 28.99
20/12/15 18:42:16 751 [INFO,train:470] 160: 0.28 30.57 0.0057 0.0865 17652
20/12/15 18:42:16 780 [INFO,train:486]         epoch 160 age 0: 0.28 30.57
20/12/15 18:42:16 808 [INFO,train:486]         epoch 160 age 1: 0.27 29.19
20/12/15 18:42:16 837 [INFO,train:486]         epoch 160 age 2: 0.26 27.73
20/12/15 18:49:55 301 [INFO,train:470] 180: 0.27 36.44 0.0065 0.0879 17594
20/12/15 18:49:55 330 [INFO,train:486]         epoch 180 age 0: 0.27 36.44
20/12/15 18:49:55 358 [INFO,train:486]         epoch 180 age 1: 0.26 34.70
20/12/15 18:49:55 387 [INFO,train:486]         epoch 180 age 2: 0.25 32.56
20/12/15 18:57:10 994 [INFO,benchmark:274] start benchmark against MrGreed for 512x2
20/12/15 18:57:33 787 [INFO,train:470] 200: 0.30 31.94 0.0066 0.0891 17735
20/12/15 18:57:33 815 [INFO,train:486]         epoch 200 age 0: 0.30 31.94
20/12/15 18:57:33 844 [INFO,train:486]         epoch 200 age 1: 0.28 30.19
20/12/15 18:57:33 872 [INFO,train:486]         epoch 200 age 2: 0.26 28.30
20/12/15 19:04:49 861 [INFO,benchmark:300] benchmark at epoch 200's result: -54.52 8.21
20/12/15 19:05:15 588 [INFO,train:470] 220: 0.29 28.67 0.0121 0.0905 17818
20/12/15 19:05:15 616 [INFO,train:486]         epoch 220 age 0: 0.29 28.67
20/12/15 19:05:15 643 [INFO,train:486]         epoch 220 age 1: 0.27 27.12
20/12/15 19:05:15 669 [INFO,train:486]         epoch 220 age 2: 0.26 25.64
20/12/15 19:12:54 211 [INFO,train:470] 240: 0.26 31.50 0.0067 0.0911 17647
20/12/15 19:12:54 239 [INFO,train:486]         epoch 240 age 0: 0.26 31.50
20/12/15 19:12:54 268 [INFO,train:486]         epoch 240 age 1: 0.25 29.60
20/12/15 19:12:54 296 [INFO,train:486]         epoch 240 age 2: 0.24 27.58
20/12/15 19:20:32 819 [INFO,train:470] 260: 0.24 29.54 0.0050 0.0918 17642
20/12/15 19:20:32 846 [INFO,train:486]         epoch 260 age 0: 0.24 29.54
20/12/15 19:20:32 873 [INFO,train:486]         epoch 260 age 1: 0.23 28.24
20/12/15 19:20:32 900 [INFO,train:486]         epoch 260 age 2: 0.22 26.67
20/12/15 19:28:10 956 [INFO,train:470] 280: 0.23 33.71 0.0038 0.0927 17757
20/12/15 19:28:10 984 [INFO,train:486]         epoch 280 age 0: 0.23 33.71
20/12/15 19:28:11 013 [INFO,train:486]         epoch 280 age 1: 0.23 31.72
20/12/15 19:28:11 041 [INFO,train:486]         epoch 280 age 2: 0.22 29.78
20/12/15 19:35:27 394 [INFO,benchmark:274] start benchmark against MrGreed for 512x2
20/12/15 19:35:50 160 [INFO,train:470] 300: 0.24 31.98 0.0058 0.0925 17736
20/12/15 19:35:50 189 [INFO,train:486]         epoch 300 age 0: 0.24 31.98
20/12/15 19:35:50 217 [INFO,train:486]         epoch 300 age 1: 0.23 30.02
20/12/15 19:35:50 245 [INFO,train:486]         epoch 300 age 2: 0.22 28.13
20/12/15 19:43:06 969 [INFO,benchmark:300] benchmark at epoch 300's result: -56.58 8.26
20/12/15 19:43:32 260 [INFO,train:470] 320: 0.28 33.26 0.0066 0.0934 17560
20/12/15 19:43:32 289 [INFO,train:486]         epoch 320 age 0: 0.28 33.26
20/12/15 19:43:32 317 [INFO,train:486]         epoch 320 age 1: 0.27 31.62
20/12/15 19:43:32 345 [INFO,train:486]         epoch 320 age 2: 0.26 30.04
20/12/15 19:51:10 867 [INFO,train:470] 340: 0.26 29.38 0.0048 0.0942 17568
20/12/15 19:51:10 896 [INFO,train:486]         epoch 340 age 0: 0.26 29.38
20/12/15 19:51:10 924 [INFO,train:486]         epoch 340 age 1: 0.25 27.87
20/12/15 19:51:10 952 [INFO,train:486]         epoch 340 age 2: 0.24 26.15
20/12/15 19:58:49 631 [INFO,train:470] 360: 0.25 32.31 0.0070 0.0954 17664
20/12/15 19:58:49 660 [INFO,train:486]         epoch 360 age 0: 0.25 32.31
20/12/15 19:58:49 688 [INFO,train:486]         epoch 360 age 1: 0.24 30.05
20/12/15 19:58:49 717 [INFO,train:486]         epoch 360 age 2: 0.24 27.90
20/12/15 20:01:35 320 [ERR,train:437] get data failed at epoch 362, has got 15698 datas:
Traceback (most recent call last):
  File "./MrZeroTree.py", line 434, in train
    queue_get=data_queue.get(block=True,timeout=data_timeout*3+30)
  File "/usr/lib/python3.6/multiprocessing/queues.py", line 105, in get
    raise Empty
queue.Empty

20/12/15 20:03:35 322 [INFO,train:439] enough rest
20/12/15 20:10:28 284 [INFO,train:470] 380: 0.27 27.18 0.0071 0.0953 17614
20/12/15 20:10:28 312 [INFO,train:486]         epoch 380 age 0: 0.27 27.18
20/12/15 20:10:28 341 [INFO,train:486]         epoch 380 age 1: 0.26 26.20
20/12/15 20:10:28 367 [INFO,train:486]         epoch 380 age 2: 0.25 24.91
20/12/15 20:17:44 581 [INFO,benchmark:274] start benchmark against MrGreed for 512x2
20/12/15 20:18:07 465 [INFO,train:470] 400: 0.27 30.35 0.0081 0.0961 17668
20/12/15 20:18:07 493 [INFO,train:486]         epoch 400 age 0: 0.27 30.35
20/12/15 20:18:07 522 [INFO,train:486]         epoch 400 age 1: 0.26 28.26
20/12/15 20:18:07 550 [INFO,train:486]         epoch 400 age 2: 0.25 26.50
20/12/15 20:25:24 035 [INFO,benchmark:300] benchmark at epoch 400's result: -59.67 8.38
20/12/15 20:25:49 989 [INFO,train:470] 420: 0.29 33.89 0.0061 0.0972 17769
20/12/15 20:25:50 017 [INFO,train:486]         epoch 420 age 0: 0.29 33.89
20/12/15 20:25:50 046 [INFO,train:486]         epoch 420 age 1: 0.27 31.70
20/12/15 20:25:50 074 [INFO,train:486]         epoch 420 age 2: 0.26 29.84
20/12/15 20:33:28 370 [INFO,train:470] 440: 0.26 27.62 0.0098 0.0985 17583
20/12/15 20:33:28 399 [INFO,train:486]         epoch 440 age 0: 0.26 27.62
20/12/15 20:33:28 427 [INFO,train:486]         epoch 440 age 1: 0.25 26.19
20/12/15 20:33:28 451 [INFO,train:486]         epoch 440 age 2: 0.24 24.75
20/12/15 20:41:07 267 [INFO,train:470] 460: 0.25 28.32 0.0033 0.0990 17598
20/12/15 20:41:07 296 [INFO,train:486]         epoch 460 age 0: 0.25 28.32
20/12/15 20:41:07 325 [INFO,train:486]         epoch 460 age 1: 0.24 26.93
20/12/15 20:41:07 349 [INFO,train:486]         epoch 460 age 2: 0.23 24.67
20/12/15 20:48:45 938 [INFO,train:470] 480: 0.27 25.33 0.0080 0.0998 17588
20/12/15 20:48:45 966 [INFO,train:486]         epoch 480 age 0: 0.27 25.33
20/12/15 20:48:45 995 [INFO,train:486]         epoch 480 age 1: 0.25 23.47
20/12/15 20:48:46 023 [INFO,train:486]         epoch 480 age 2: 0.24 21.99
20/12/15 20:56:02 292 [INFO,benchmark:274] start benchmark against MrGreed for 512x2
20/12/15 20:56:25 193 [INFO,train:470] 500: 0.26 28.45 0.0066 0.1005 17654
20/12/15 20:56:25 221 [INFO,train:486]         epoch 500 age 0: 0.26 28.45
20/12/15 20:56:25 250 [INFO,train:486]         epoch 500 age 1: 0.25 27.49
20/12/15 20:56:25 277 [INFO,train:486]         epoch 500 age 2: 0.24 26.21
20/12/15 21:03:47 747 [INFO,benchmark:300] benchmark at epoch 500's result: -79.00 8.23
20/12/15 21:04:07 533 [INFO,train:470] 520: 0.25 28.51 0.0088 0.1007 17718
20/12/15 21:04:07 561 [INFO,train:486]         epoch 520 age 0: 0.25 28.51
20/12/15 21:04:07 589 [INFO,train:486]         epoch 520 age 1: 0.24 27.01
20/12/15 21:04:07 617 [INFO,train:486]         epoch 520 age 2: 0.23 25.40
20/12/15 21:11:46 507 [INFO,train:470] 540: 0.28 34.83 0.0129 0.1019 17672
20/12/15 21:11:46 536 [INFO,train:486]         epoch 540 age 0: 0.28 34.83
20/12/15 21:11:46 564 [INFO,train:486]         epoch 540 age 1: 0.26 33.19
20/12/15 21:11:46 591 [INFO,train:486]         epoch 540 age 2: 0.25 31.59
20/12/15 21:19:25 272 [INFO,train:470] 560: 0.27 32.97 0.0041 0.1025 17656
20/12/15 21:19:25 300 [INFO,train:486]         epoch 560 age 0: 0.27 32.97
20/12/15 21:19:25 329 [INFO,train:486]         epoch 560 age 1: 0.27 31.23
20/12/15 21:19:25 357 [INFO,train:486]         epoch 560 age 2: 0.26 29.35
20/12/15 21:26:46 169 [ERR,train:437] get data failed at epoch 574, has got 15681 datas:
Traceback (most recent call last):
  File "./MrZeroTree.py", line 434, in train
    queue_get=data_queue.get(block=True,timeout=data_timeout*3+30)
  File "/usr/lib/python3.6/multiprocessing/queues.py", line 105, in get
    raise Empty
queue.Empty

20/12/15 21:28:46 269 [INFO,train:439] enough rest
20/12/15 21:31:04 236 [INFO,train:470] 580: 0.26 31.56 0.0111 0.1035 17441
20/12/15 21:31:04 265 [INFO,train:486]         epoch 580 age 0: 0.26 31.56
20/12/15 21:31:04 293 [INFO,train:486]         epoch 580 age 1: 0.25 29.89
20/12/15 21:31:04 321 [INFO,train:486]         epoch 580 age 2: 0.24 27.83
20/12/15 21:38:20 575 [INFO,benchmark:274] start benchmark against MrGreed for 512x2
20/12/15 21:38:43 360 [INFO,train:470] 600: 0.27 32.58 0.0069 0.1037 17714
20/12/15 21:38:43 388 [INFO,train:486]         epoch 600 age 0: 0.27 32.58
20/12/15 21:38:43 416 [INFO,train:486]         epoch 600 age 1: 0.26 31.19
20/12/15 21:38:43 444 [INFO,train:486]         epoch 600 age 2: 0.25 29.46
20/12/15 21:46:09 633 [INFO,benchmark:300] benchmark at epoch 600's result: -46.64 8.10
20/12/15 21:46:26 228 [INFO,train:470] 620: 0.30 29.58 0.0071 0.1037 17631
20/12/15 21:46:26 257 [INFO,train:486]         epoch 620 age 0: 0.30 29.58
20/12/15 21:46:26 285 [INFO,train:486]         epoch 620 age 1: 0.29 28.26
20/12/15 21:46:26 313 [INFO,train:486]         epoch 620 age 2: 0.28 27.00
20/12/15 21:54:04 532 [INFO,train:470] 640: 0.27 27.55 0.0073 0.1038 17676
20/12/15 21:54:04 560 [INFO,train:486]         epoch 640 age 0: 0.27 27.55
20/12/15 21:54:04 589 [INFO,train:486]         epoch 640 age 1: 0.26 26.33
20/12/15 21:54:04 617 [INFO,train:486]         epoch 640 age 2: 0.26 25.05
20/12/15 21:58:44 714 [ERR,train:437] get data failed at epoch 647, has got 15642 datas:
Traceback (most recent call last):
  File "./MrZeroTree.py", line 434, in train
    queue_get=data_queue.get(block=True,timeout=data_timeout*3+30)
  File "/usr/lib/python3.6/multiprocessing/queues.py", line 105, in get
    raise Empty
queue.Empty

20/12/15 22:00:44 815 [INFO,train:439] enough rest
20/12/15 22:05:43 237 [INFO,train:470] 660: 0.27 27.45 0.0087 0.1038 17606
20/12/15 22:05:43 266 [INFO,train:486]         epoch 660 age 0: 0.27 27.45
20/12/15 22:05:43 294 [INFO,train:486]         epoch 660 age 1: 0.26 26.11
20/12/15 22:05:43 320 [INFO,train:486]         epoch 660 age 2: 0.25 24.75
20/12/15 22:16:23 305 [ERR,train:437] get data failed at epoch 678, has got 15693 datas:
Traceback (most recent call last):
  File "./MrZeroTree.py", line 434, in train
    queue_get=data_queue.get(block=True,timeout=data_timeout*3+30)
  File "/usr/lib/python3.6/multiprocessing/queues.py", line 105, in get
    raise Empty
queue.Empty

20/12/15 22:18:23 357 [INFO,train:439] enough rest
20/12/15 22:21:07 593 [ERR,train:437] get data failed at epoch 679, has got 14362 datas:
Traceback (most recent call last):
  File "./MrZeroTree.py", line 434, in train
    queue_get=data_queue.get(block=True,timeout=data_timeout*3+30)
  File "/usr/lib/python3.6/multiprocessing/queues.py", line 105, in get
    raise Empty
queue.Empty

20/12/15 22:23:07 694 [INFO,train:439] enough rest
20/12/15 22:24:12 036 [INFO,train:470] 680: 0.26 33.26 0.0049 0.1048 15527
20/12/15 22:24:12 062 [INFO,train:486]         epoch 680 age 0: 0.26 33.26
20/12/15 22:24:12 087 [INFO,train:486]         epoch 680 age 1: 0.25 31.14
20/12/15 22:24:12 112 [INFO,train:486]         epoch 680 age 2: 0.24 29.35
20/12/15 22:27:10 974 [ERR,train:437] get data failed at epoch 681, has got 14336 datas:
Traceback (most recent call last):
  File "./MrZeroTree.py", line 434, in train
    queue_get=data_queue.get(block=True,timeout=data_timeout*3+30)
  File "/usr/lib/python3.6/multiprocessing/queues.py", line 105, in get
    raise Empty
queue.Empty

20/12/15 22:29:11 076 [INFO,train:439] enough rest
20/12/15 22:56:22 445 [ERR,train:437] get data failed at epoch 682, has got 9558 datas:
Traceback (most recent call last):
  File "./MrZeroTree.py", line 434, in train
    queue_get=data_queue.get(block=True,timeout=data_timeout*3+30)
  File "/usr/lib/python3.6/multiprocessing/queues.py", line 108, in get
    res = self._recv_bytes()
  File "/usr/lib/python3.6/multiprocessing/connection.py", line 216, in recv_bytes
    buf = self._recv_bytes(maxlength)
  File "/usr/lib/python3.6/multiprocessing/connection.py", line 411, in _recv_bytes
    return self._recv(size)
  File "/usr/lib/python3.6/multiprocessing/connection.py", line 379, in _recv
    chunk = read(handle, remaining)
KeyboardInterrupt

20/12/15 22:56:23 785 [ERR,main:499] :
Traceback (most recent call last):
  File "./MrZeroTree.py", line 434, in train
    queue_get=data_queue.get(block=True,timeout=data_timeout*3+30)
  File "/usr/lib/python3.6/multiprocessing/queues.py", line 108, in get
    res = self._recv_bytes()
  File "/usr/lib/python3.6/multiprocessing/connection.py", line 216, in recv_bytes
    buf = self._recv_bytes(maxlength)
  File "/usr/lib/python3.6/multiprocessing/connection.py", line 411, in _recv_bytes
    return self._recv(size)
  File "/usr/lib/python3.6/multiprocessing/connection.py", line 379, in _recv
    chunk = read(handle, remaining)
KeyboardInterrupt

During handling of the above exception, another exception occurred:

Traceback (most recent call last):
  File "./MrZeroTree.py", line 497, in main
    train(pv_net)
  File "./MrZeroTree.py", line 438, in train
    time.sleep(data_timeout*3+30)
KeyboardInterrupt

