20/12/19 13:39:18 844 [INFO,<module>:542] sharing_strategy: file_system
20/12/19 13:39:20 803 [INFO,main:516] start from: ./ZeroNets/from-one-10a/PV_NET-11-2247733-640.pkl
20/12/19 13:39:20 803 [INFO,train:406] BETA: 0.20, VALUE_RENORMAL: 10, BENCHMARK_METHOD: -1, TRAIN_SAMPLE: -1, PV_DEEP: 4
20/12/19 13:39:20 804 [INFO,train:411] optimizer: {'lr': 0.0004, 'betas': (0.9, 0.999), 'eps': 1e-07, 'weight_decay': 0.0001, 'amsgrad': False}
20/12/19 13:39:20 804 [INFO,train:419] loss2_weight: 0.03, review_number: 3, data_rounds: 3x12, age_in_epoch: 3
20/12/19 13:39:20 804 [INFO,train:426] #epoch: loss1 loss2 grad1/grad2 amp_probe #train_datas
20/12/19 13:39:21 399 [INFO,benchmark:286] start benchmark against MrGreed for 512x2
20/12/19 13:39:57 445 [INFO,train:490] 0: 0.31 37.16 0.0066 0.0605 26360
20/12/19 13:39:57 492 [INFO,train:506]         epoch 0 age 0: 0.31 37.16
20/12/19 13:40:13 279 [INFO,train:490] 1: 0.25 30.71 0.0040 0.0604 26490
20/12/19 13:40:13 320 [INFO,train:506]         epoch 1 age 0: 0.25 30.71
20/12/19 13:40:29 018 [INFO,train:490] 2: 0.25 31.00 0.0078 0.0603 26584
20/12/19 13:40:29 059 [INFO,train:506]         epoch 2 age 0: 0.25 31.00
20/12/19 13:40:44 909 [INFO,train:490] 3: 0.25 31.13 0.0064 0.0602 26531
20/12/19 13:40:44 950 [INFO,train:506]         epoch 3 age 0: 0.25 31.13
20/12/19 13:41:00 382 [INFO,train:490] 4: 0.25 38.74 0.0054 0.0601 26480
20/12/19 13:41:00 418 [INFO,train:506]         epoch 4 age 0: 0.25 38.74
20/12/19 13:41:16 146 [INFO,train:490] 5: 0.26 37.81 0.0072 0.0600 26418
20/12/19 13:41:16 186 [INFO,train:506]         epoch 5 age 0: 0.26 37.81
20/12/19 13:42:34 624 [INFO,train:490] 10: 0.28 32.77 0.0060 0.0596 26378
20/12/19 13:42:34 664 [INFO,train:506]         epoch 10 age 0: 0.28 32.77
20/12/19 13:43:52 233 [INFO,train:490] 15: 0.26 33.44 0.0048 0.0593 26475
20/12/19 13:43:52 273 [INFO,train:506]         epoch 15 age 0: 0.26 33.44
20/12/19 13:45:09 813 [INFO,train:490] 20: 0.25 31.16 0.0090 0.0592 26550
20/12/19 13:45:09 854 [INFO,train:506]         epoch 20 age 0: 0.25 31.16
20/12/19 13:46:27 904 [INFO,train:490] 25: 0.23 28.85 0.0065 0.0593 26372
20/12/19 13:46:27 945 [INFO,train:506]         epoch 25 age 0: 0.23 28.85
20/12/19 13:47:19 433 [INFO,benchmark:312] benchmark at epoch 0's result: -48.37 8.15
20/12/19 13:47:45 281 [INFO,train:490] 30: 0.24 30.86 0.0045 0.0594 26479
20/12/19 13:47:45 318 [INFO,train:506]         epoch 30 age 0: 0.24 30.86
20/12/19 13:49:01 608 [INFO,train:490] 35: 0.26 32.72 0.0079 0.0593 26472
20/12/19 13:49:01 648 [INFO,train:506]         epoch 35 age 0: 0.26 32.72
20/12/19 13:50:18 725 [INFO,train:490] 40: 0.26 31.05 0.0102 0.0594 26312
20/12/19 13:50:18 761 [INFO,train:506]         epoch 40 age 0: 0.26 31.05
20/12/19 13:55:26 994 [INFO,train:490] 60: 0.25 32.30 0.0042 0.0593 26645
20/12/19 13:55:27 047 [INFO,train:506]         epoch 60 age 0: 0.25 32.30
20/12/19 14:00:19 066 [INFO,benchmark:286] start benchmark against MrGreed for 512x2
20/12/19 14:00:34 583 [INFO,train:490] 80: 0.32 32.29 0.0122 0.0601 26304
20/12/19 14:00:34 619 [INFO,train:506]         epoch 80 age 0: 0.32 32.29
20/12/19 14:05:48 703 [INFO,train:490] 100: 0.25 33.28 0.0076 0.0608 26622
20/12/19 14:05:48 744 [INFO,train:506]         epoch 100 age 0: 0.25 33.28
20/12/19 14:08:14 747 [INFO,benchmark:312] benchmark at epoch 80's result: -33.10 8.31
20/12/19 14:10:58 909 [INFO,train:490] 120: 0.27 32.13 0.0058 0.0610 26566
20/12/19 14:10:58 949 [INFO,train:506]         epoch 120 age 0: 0.27 32.13
20/12/19 14:16:08 759 [INFO,train:490] 140: 0.25 35.37 0.0049 0.0615 26479
20/12/19 14:16:08 800 [INFO,train:506]         epoch 140 age 0: 0.25 35.37
20/12/19 14:22:03 829 [INFO,benchmark:286] start benchmark against MrGreed for 512x2
20/12/19 14:22:24 279 [INFO,train:490] 160: 0.26 31.23 0.0071 0.0617 26515
20/12/19 14:22:24 320 [INFO,train:506]         epoch 160 age 0: 0.26 31.23
20/12/19 14:29:07 506 [INFO,train:490] 180: 0.26 29.84 0.0087 0.0624 26546
20/12/19 14:29:07 546 [INFO,train:506]         epoch 180 age 0: 0.26 29.84
20/12/19 14:30:03 373 [INFO,benchmark:312] benchmark at epoch 160's result: -43.18 8.18
20/12/19 14:35:40 182 [INFO,train:490] 200: 0.25 32.26 0.0069 0.0628 26560
20/12/19 14:35:40 222 [INFO,train:506]         epoch 200 age 0: 0.25 32.26
20/12/19 14:42:11 446 [INFO,train:490] 220: 0.26 32.98 0.0077 0.0631 26468
20/12/19 14:42:11 486 [INFO,train:506]         epoch 220 age 0: 0.26 32.98
20/12/19 14:48:24 676 [INFO,benchmark:286] start benchmark against MrGreed for 512x2
20/12/19 14:48:44 759 [INFO,train:490] 240: 0.25 30.75 0.0072 0.0636 26408
20/12/19 14:48:44 799 [INFO,train:506]         epoch 240 age 0: 0.25 30.75
20/12/19 14:55:23 938 [INFO,train:490] 260: 0.28 31.09 0.0115 0.0640 26332
20/12/19 14:55:23 978 [INFO,train:506]         epoch 260 age 0: 0.28 31.09
20/12/19 14:56:21 616 [INFO,benchmark:312] benchmark at epoch 240's result: -39.55 7.96
20/12/19 15:01:53 731 [INFO,train:490] 280: 0.24 29.45 0.0089 0.0640 26648
20/12/19 15:01:53 772 [INFO,train:506]         epoch 280 age 0: 0.24 29.45
20/12/19 15:08:25 191 [INFO,train:490] 300: 0.27 37.14 0.0098 0.0641 26569
20/12/19 15:08:25 227 [INFO,train:506]         epoch 300 age 0: 0.27 37.14
20/12/19 15:14:37 765 [INFO,benchmark:286] start benchmark against MrGreed for 512x2
20/12/19 15:14:57 112 [INFO,train:490] 320: 0.26 30.20 0.0069 0.0648 26604
20/12/19 15:14:57 153 [INFO,train:506]         epoch 320 age 0: 0.26 30.20
20/12/19 15:21:35 371 [INFO,train:490] 340: 0.27 28.72 0.0107 0.0647 26546
20/12/19 15:21:35 411 [INFO,train:506]         epoch 340 age 0: 0.27 28.72
20/12/19 15:22:29 358 [INFO,benchmark:312] benchmark at epoch 320's result: -36.53 8.46
20/12/19 15:25:41 066 [ERR,train:460] get data failed at epoch 348, has got 23485 datas.:
Traceback (most recent call last):
  File "./MrZeroTree.py", line 457, in train
    queue_get=data_queue.get(block=True,timeout=data_timeout*3+30)
  File "/usr/lib/python3.6/multiprocessing/queues.py", line 105, in get
    raise Empty
queue.Empty

20/12/19 15:25:41 067 [INFO,train:461] resting...
20/12/19 15:31:16 456 [INFO,train:490] 360: 0.26 29.63 0.0070 0.0650 26412
20/12/19 15:31:16 497 [INFO,train:506]         epoch 360 age 0: 0.26 29.63
20/12/19 15:37:48 907 [INFO,train:490] 380: 0.26 33.02 0.0062 0.0653 26491
20/12/19 15:37:48 947 [INFO,train:506]         epoch 380 age 0: 0.26 33.02
20/12/19 15:44:00 567 [INFO,benchmark:286] start benchmark against MrGreed for 512x2
20/12/19 15:44:20 507 [INFO,train:490] 400: 0.24 29.25 0.0070 0.0655 26543
20/12/19 15:44:20 547 [INFO,train:506]         epoch 400 age 0: 0.24 29.25
20/12/19 15:51:01 370 [INFO,train:490] 420: 0.24 32.81 0.0071 0.0655 26486
20/12/19 15:51:01 410 [INFO,train:506]         epoch 420 age 0: 0.24 32.81
20/12/19 15:52:02 536 [INFO,benchmark:312] benchmark at epoch 400's result: -40.37 8.46
20/12/19 15:57:31 362 [INFO,train:490] 440: 0.26 32.50 0.0068 0.0661 26503
20/12/19 15:57:31 403 [INFO,train:506]         epoch 440 age 0: 0.26 32.50
20/12/19 16:04:01 286 [INFO,train:490] 460: 0.25 32.91 0.0106 0.0666 26536
20/12/19 16:04:01 326 [INFO,train:506]         epoch 460 age 0: 0.25 32.91
20/12/19 16:10:13 667 [INFO,benchmark:286] start benchmark against MrGreed for 512x2
20/12/19 16:10:33 410 [INFO,train:490] 480: 0.26 30.30 0.0047 0.0666 26592
20/12/19 16:10:33 450 [INFO,train:506]         epoch 480 age 0: 0.26 30.30
20/12/19 16:17:11 533 [INFO,train:490] 500: 0.28 34.81 0.0105 0.0668 26488
20/12/19 16:17:11 573 [INFO,train:506]         epoch 500 age 0: 0.28 34.81
20/12/19 16:18:06 618 [INFO,benchmark:312] benchmark at epoch 480's result: -31.79 8.16
20/12/19 16:23:40 043 [INFO,train:490] 520: 0.25 32.56 0.0070 0.0672 26510
20/12/19 16:23:40 084 [INFO,train:506]         epoch 520 age 0: 0.25 32.56
20/12/19 16:30:10 241 [INFO,train:490] 540: 0.26 30.63 0.0068 0.0673 26480
20/12/19 16:30:10 281 [INFO,train:506]         epoch 540 age 0: 0.26 30.63
20/12/19 16:36:21 003 [INFO,benchmark:286] start benchmark against MrGreed for 512x2
20/12/19 16:36:41 600 [INFO,train:490] 560: 0.27 28.90 0.0096 0.0677 26433
20/12/19 16:36:41 640 [INFO,train:506]         epoch 560 age 0: 0.27 28.90
20/12/19 16:43:19 831 [INFO,train:490] 580: 0.27 31.93 0.0065 0.0680 26525
20/12/19 16:43:19 871 [INFO,train:506]         epoch 580 age 0: 0.27 31.93
20/12/19 16:44:12 359 [INFO,benchmark:312] benchmark at epoch 560's result: -27.19 8.43
20/12/19 16:48:05 084 [ERR,train:460] get data failed at epoch 590, has got 23437 datas.:
Traceback (most recent call last):
  File "./MrZeroTree.py", line 457, in train
    queue_get=data_queue.get(block=True,timeout=data_timeout*3+30)
  File "/usr/lib/python3.6/multiprocessing/queues.py", line 105, in get
    raise Empty
queue.Empty

20/12/19 16:48:05 085 [INFO,train:461] resting...
20/12/19 16:53:00 251 [INFO,train:490] 600: 0.28 29.09 0.0092 0.0680 26494
20/12/19 16:53:00 291 [INFO,train:506]         epoch 600 age 0: 0.28 29.09
20/12/19 16:59:33 629 [INFO,train:490] 620: 0.25 29.22 0.0102 0.0684 26631
20/12/19 16:59:33 669 [INFO,train:506]         epoch 620 age 0: 0.25 29.22
20/12/19 17:05:47 374 [INFO,benchmark:286] start benchmark against MrGreed for 512x2
20/12/19 17:07:07 094 [INFO,train:490] 640: 0.27 32.08 0.0073 0.0685 26423
20/12/19 17:07:07 136 [INFO,train:506]         epoch 640 age 0: 0.27 32.08
20/12/19 17:14:40 027 [INFO,train:490] 660: 0.26 31.37 0.0063 0.0685 26545
20/12/19 17:14:40 069 [INFO,train:506]         epoch 660 age 0: 0.26 31.37
20/12/19 22:27:03 478 [ERR,train:460] get data failed at epoch 670, has got 17692 datas.:
Traceback (most recent call last):
  File "./MrZeroTree.py", line 457, in train
    queue_get=data_queue.get(block=True,timeout=data_timeout*3+30)
  File "/usr/lib/python3.6/multiprocessing/queues.py", line 108, in get
    res = self._recv_bytes()
  File "/usr/lib/python3.6/multiprocessing/connection.py", line 216, in recv_bytes
    buf = self._recv_bytes(maxlength)
  File "/usr/lib/python3.6/multiprocessing/connection.py", line 411, in _recv_bytes
    return self._recv(size)
  File "/usr/lib/python3.6/multiprocessing/connection.py", line 379, in _recv
    chunk = read(handle, remaining)
KeyboardInterrupt

20/12/19 22:27:03 482 [INFO,train:461] resting...
20/12/19 22:27:04 777 [ERR,main:520] :
Traceback (most recent call last):
  File "./MrZeroTree.py", line 457, in train
    queue_get=data_queue.get(block=True,timeout=data_timeout*3+30)
  File "/usr/lib/python3.6/multiprocessing/queues.py", line 108, in get
    res = self._recv_bytes()
  File "/usr/lib/python3.6/multiprocessing/connection.py", line 216, in recv_bytes
    buf = self._recv_bytes(maxlength)
  File "/usr/lib/python3.6/multiprocessing/connection.py", line 411, in _recv_bytes
    return self._recv(size)
  File "/usr/lib/python3.6/multiprocessing/connection.py", line 379, in _recv
    chunk = read(handle, remaining)
KeyboardInterrupt

During handling of the above exception, another exception occurred:

Traceback (most recent call last):
  File "./MrZeroTree.py", line 518, in main
    train(pv_net)
  File "./MrZeroTree.py", line 462, in train
    time.sleep(data_timeout*2+60)
KeyboardInterrupt

